<?xml version="1.0" encoding="UTF-8"?>
<robot generator="Robot 6.0.2 (Python 3.11.3 on win32)" generated="20230512 12:06:20.241" rpa="false" schemaversion="3">
<suite id="s1" name="Project1" source="c:\Users\dharm\.robotframework-ls\project1.robot">
<test id="s1-t1" name="saucedemo test" line="12">
<kw name="Open Browser" library="SeleniumLibrary">
<arg>${url}</arg>
<arg>${browser}</arg>
<doc>Opens a new browser instance to the optional ``url``.</doc>
<msg timestamp="20230512 12:06:20.456" level="INFO">Opening browser 'edge' to base url 'https://www.saucedemo.com/'.</msg>
<status status="PASS" starttime="20230512 12:06:20.456" endtime="20230512 12:06:23.826"/>
</kw>
<kw name="Maximize Browser Window" library="SeleniumLibrary">
<doc>Maximizes current browser window.</doc>
<status status="PASS" starttime="20230512 12:06:23.826" endtime="20230512 12:06:23.976"/>
</kw>
<kw name="Input Text" library="SeleniumLibrary">
<arg>xpath=//input[@id='user-name']</arg>
<arg>standard_user</arg>
<doc>Types the given ``text`` into the text field identified by ``locator``.</doc>
<msg timestamp="20230512 12:06:23.983" level="INFO">Typing text 'standard_user' into text field 'xpath=//input[@id='user-name']'.</msg>
<status status="PASS" starttime="20230512 12:06:23.976" endtime="20230512 12:06:24.175"/>
</kw>
<kw name="Input Text" library="SeleniumLibrary">
<arg>//input[@id='password']</arg>
<arg>secret_sauce</arg>
<doc>Types the given ``text`` into the text field identified by ``locator``.</doc>
<msg timestamp="20230512 12:06:24.184" level="INFO">Typing text 'secret_sauce' into text field '//input[@id='password']'.</msg>
<status status="PASS" starttime="20230512 12:06:24.181" endtime="20230512 12:06:24.277"/>
</kw>
<kw name="Click Button" library="SeleniumLibrary">
<arg>//input[@id='login-button']</arg>
<doc>Clicks the button identified by ``locator``.</doc>
<msg timestamp="20230512 12:06:24.285" level="INFO">Clicking button '//input[@id='login-button']'.</msg>
<status status="PASS" starttime="20230512 12:06:24.285" endtime="20230512 12:06:24.405"/>
</kw>
<kw name="Select From List By Index" library="SeleniumLibrary">
<arg>//select[@class='product_sort_container']</arg>
<arg>2</arg>
<doc>Selects options from selection list ``locator`` by ``indexes``.</doc>
<msg timestamp="20230512 12:06:24.405" level="INFO">Selecting options from selection list '//select[@class='product_sort_container']' by index 2.</msg>
<status status="PASS" starttime="20230512 12:06:24.405" endtime="20230512 12:06:24.610"/>
</kw>
<kw name="Click Button" library="SeleniumLibrary">
<arg>//button[@id='add-to-cart-sauce-labs-onesie']</arg>
<doc>Clicks the button identified by ``locator``.</doc>
<msg timestamp="20230512 12:06:24.612" level="INFO">Clicking button '//button[@id='add-to-cart-sauce-labs-onesie']'.</msg>
<status status="PASS" starttime="20230512 12:06:24.612" endtime="20230512 12:06:24.704"/>
</kw>
<kw name="Click Link" library="SeleniumLibrary">
<arg>//a[@class='shopping_cart_link']</arg>
<doc>Clicks a link identified by ``locator``.</doc>
<msg timestamp="20230512 12:06:24.704" level="INFO">Clicking link '//a[@class='shopping_cart_link']'.</msg>
<status status="PASS" starttime="20230512 12:06:24.704" endtime="20230512 12:06:24.779"/>
</kw>
<kw name="Click Button" library="SeleniumLibrary">
<arg>//button[@id='checkout']</arg>
<doc>Clicks the button identified by ``locator``.</doc>
<msg timestamp="20230512 12:06:24.779" level="INFO">Clicking button '//button[@id='checkout']'.</msg>
<status status="PASS" starttime="20230512 12:06:24.779" endtime="20230512 12:06:24.857"/>
</kw>
<kw name="Sleep" library="BuiltIn">
<arg>3</arg>
<doc>Pauses the test executed for the given time.</doc>
<msg timestamp="20230512 12:06:27.858" level="INFO">Slept 3 seconds</msg>
<status status="PASS" starttime="20230512 12:06:24.858" endtime="20230512 12:06:27.859"/>
</kw>
<kw name="Input Text" library="SeleniumLibrary">
<arg>//input[@id='first-name']</arg>
<arg>"jhansi"</arg>
<doc>Types the given ``text`` into the text field identified by ``locator``.</doc>
<msg timestamp="20230512 12:06:27.860" level="INFO">Typing text '"jhansi"' into text field '//input[@id='first-name']'.</msg>
<status status="PASS" starttime="20230512 12:06:27.859" endtime="20230512 12:06:28.003"/>
</kw>
<kw name="Input Text" library="SeleniumLibrary">
<arg>//input[@id='last-name']</arg>
<arg>"latha"</arg>
<doc>Types the given ``text`` into the text field identified by ``locator``.</doc>
<msg timestamp="20230512 12:06:28.005" level="INFO">Typing text '"latha"' into text field '//input[@id='last-name']'.</msg>
<status status="PASS" starttime="20230512 12:06:28.005" endtime="20230512 12:06:28.150"/>
</kw>
<kw name="Input Text" library="SeleniumLibrary">
<arg>//input[@id='postal-code']</arg>
<arg>"01234"</arg>
<doc>Types the given ``text`` into the text field identified by ``locator``.</doc>
<msg timestamp="20230512 12:06:28.153" level="INFO">Typing text '"01234"' into text field '//input[@id='postal-code']'.</msg>
<status status="PASS" starttime="20230512 12:06:28.151" endtime="20230512 12:06:28.294"/>
</kw>
<kw name="Click Button" library="SeleniumLibrary">
<arg>//input[@id='continue']</arg>
<doc>Clicks the button identified by ``locator``.</doc>
<msg timestamp="20230512 12:06:28.297" level="INFO">Clicking button '//input[@id='continue']'.</msg>
<status status="PASS" starttime="20230512 12:06:28.296" endtime="20230512 12:06:28.391"/>
</kw>
<kw name="Sleep" library="BuiltIn">
<arg>5s</arg>
<doc>Pauses the test executed for the given time.</doc>
<msg timestamp="20230512 12:06:33.397" level="INFO">Slept 5 seconds</msg>
<status status="PASS" starttime="20230512 12:06:28.394" endtime="20230512 12:06:33.397"/>
</kw>
<kw name="Click Element" library="SeleniumLibrary">
<arg>//button[@id='finish']</arg>
<doc>Click the element identified by ``locator``.</doc>
<msg timestamp="20230512 12:06:33.397" level="INFO">Clicking element '//button[@id='finish']'.</msg>
<status status="PASS" starttime="20230512 12:06:33.397" endtime="20230512 12:06:33.533"/>
</kw>
<kw name="Sleep" library="BuiltIn">
<arg>3s</arg>
<doc>Pauses the test executed for the given time.</doc>
<msg timestamp="20230512 12:06:36.535" level="INFO">Slept 3 seconds</msg>
<status status="PASS" starttime="20230512 12:06:33.534" endtime="20230512 12:06:36.535"/>
</kw>
<kw name="Close Browser" library="SeleniumLibrary">
<doc>Closes the current browser.</doc>
<status status="PASS" starttime="20230512 12:06:36.535" endtime="20230512 12:06:38.866"/>
</kw>
<status status="PASS" starttime="20230512 12:06:20.456" endtime="20230512 12:06:38.866"/>
</test>
<status status="PASS" starttime="20230512 12:06:20.241" endtime="20230512 12:06:38.873"/>
</suite>
<statistics>
<total>
<stat pass="1" fail="0" skip="0">All Tests</stat>
</total>
<tag>
</tag>
<suite>
<stat pass="1" fail="0" skip="0" id="s1" name="Project1">Project1</stat>
</suite>
</statistics>
<errors>
</errors>
</robot>
